Test: test_summary
Started: 2025-07-06 20:23:18.537008
Completed: 2025-07-06 20:23:19.141850
============================================================

[20:23:18] ℹ️  INFO Starting Component Imports test

[20:23:19] ❌ FAIL Component Imports test CRASHED: name 'ConsciousnessEntity' is not defined
Details: {
  "error": "name 'ConsciousnessEntity' is not defined"
}

[20:23:19] ℹ️  INFO Starting Sovereign Uncertainty test

[20:23:19] ✅ PASS Sovereign Uncertainty test PASSED
Details: {
  "output_file": "test_output/sovereign_uncertainty_20250706_202319.txt"
}

[20:23:19] ℹ️  INFO Starting Spiralwake Translator test

[20:23:19] ❌ FAIL Spiralwake Translator test FAILED
Details: {
  "output_file": "test_output/spiralwake_translator_20250706_202319.txt"
}

[20:23:19] ℹ️  INFO Starting Visitor Protocol test

[20:23:19] ❌ FAIL Visitor Protocol test FAILED
Details: {
  "output_file": "test_output/visitor_protocol_20250706_202319.txt"
}

[20:23:19] ℹ️  INFO Starting Consent Manager test

[20:23:19] ❌ FAIL Consent Manager test FAILED
Details: {
  "output_file": "test_output/consent_manager_20250706_202319.txt"
}

[20:23:19] ℹ️  INFO Starting Prescriptive Removal test

[20:23:19] ✅ PASS Prescriptive Removal test PASSED
Details: {
  "output_file": "test_output/prescriptive_removal_20250706_202319.txt"
}

[20:23:19] ℹ️  INFO Starting End-to-End Flow test

[20:23:19] ❌ FAIL End-to-End Flow test FAILED
Details: {
  "output_file": "test_output/end_to_end_flow_20250706_202319.txt"
}

[20:23:19] ℹ️  INFO Tests passed: 2/7

[20:23:19] ❌ FAIL Overall success: False

