Simple Bridge Test Summary
==============================

Tests passed: 2/4
Timestamp: 20250706_202746

Detailed Results:
--------------------
✅ bridge_files_exist: PASSED
❌ basic_imports: FAILED
   ❌ FATAL ERROR: name 'ConsciousnessEntity' is not defined
✅ sovereign_uncertainty: PASSED
❌ consciousness_packet: FAILED
   ❌ ERROR: 'ConsciousnessPacket' object has no attribute 'copy'
